<?xml version="1.0" encoding="UTF-8"?>
<testsuite name="TicTacToeTest" tests="1" skipped="0" failures="0" errors="0" timestamp="2021-03-20T14:30:10" hostname="X570UD" time="0.518">
  <properties/>
  <testcase name="start" classname="TicTacToeTest" time="0.518"/>
  <system-out><![CDATA[?[1;31m
Start test 1?[0m
]]></system-out>
  <system-err><![CDATA[]]></system-err>
</testsuite>
